<?xml version="1.0" encoding="UTF-8"?>
<!-- Generated by org.testng.reporters.JUnitXMLReporter -->
<testsuite ignored="2" hostname="DESKTOP-SRPM13C" failures="0" tests="3" name="Test2" time="11.144" errors="0" timestamp="2022-03-05T01:30:49 EET">
  <testcase classname="tests.TestScenarios" name="TestScenario1" time="4.698"/>
  <testcase classname="tests.TestScenarios" name="TestScenario2" time="3.149"/>
  <testcase classname="tests.TestScenarios" name="TestScenario3" time="3.293"/>
  <testcase classname="tests.TestBase" name="@AfterSuite CloseDriver" time="0.0">
    <ignored/>
  </testcase> <!-- @AfterSuite CloseDriver -->
  <testcase classname="tests.TestBase" name="@BeforeSuite Setup" time="0.0">
    <ignored/>
  </testcase> <!-- @BeforeSuite Setup -->
</testsuite> <!-- Test2 -->
