<?xml version="1.0" encoding="UTF-8"?>
<!-- Generated by org.testng.reporters.JUnitXMLReporter -->
<testsuite ignored="3" hostname="DESKTOP-SRPM13C" failures="0" tests="3" name="TestOnFireFox" time="18.805" errors="0" timestamp="2022-03-05T03:56:37 EET">
  <testcase classname="tests.TestScenarios" name="TestScenario1" time="5.175"/>
  <testcase classname="tests.TestScenarios" name="TestScenario2" time="3.92"/>
  <testcase classname="tests.TestScenarios" name="TestScenario3" time="4.249"/>
  <testcase classname="tests.TestBase" name="@AfterSuite CloseDriver" time="0.0">
    <ignored/>
  </testcase> <!-- @AfterSuite CloseDriver -->
  <testcase classname="tests.TestBase" name="@BeforeSuite BeforeSuite" time="0.0">
    <ignored/>
  </testcase> <!-- @BeforeSuite BeforeSuite -->
  <testcase classname="tests.TestBase" name="@BeforeTest Setup" time="0.0">
    <ignored/>
  </testcase> <!-- @BeforeTest Setup -->
</testsuite> <!-- TestOnFireFox -->
